<?xml version="1.0" encoding="UTF-8"?>
<testng-results ignored="0" total="1" passed="1" failed="0" skipped="0">
  <reporter-output>
  </reporter-output>
  <suite started-at="2021-02-26T21:10:49 CST" name="Default suite" finished-at="2021-02-26T21:11:05 CST" duration-ms="16652">
    <groups>
    </groups>
    <test started-at="2021-02-26T21:10:49 CST" name="Default test" finished-at="2021-02-26T21:11:05 CST" duration-ms="16652">
      <class name="tests.CreateCursoTests">
        <test-method signature="testCreateCurso()[pri:0, instance:tests.CreateCursoTests@2177849e]" started-at="2021-02-26T21:10:49 CST" name="testCreateCurso" finished-at="2021-02-26T21:11:05 CST" duration-ms="16603" status="PASS">
          <reporter-output>
          </reporter-output>
        </test-method> <!-- testCreateCurso -->
      </class> <!-- tests.CreateCursoTests -->
    </test> <!-- Default test -->
  </suite> <!-- Default suite -->
</testng-results>
